"TM__Malicious_Code_Impact.TM__Malicious_Code_Impact_Property_Affected": De 10 campos a 4 campos.
"TM__Malicious_Code_Impact.TM__Malicious_Code_Impact_Objects_Affected": De 18 campos a 10 campos.
"TM__Sources.TM__Sources_Type": De 3 campos a 6 campos.
"Vulnerability_Scan_Results.Vulnerability_Scan_Results_Remediation_Status": De 3 campos a 4 campos.
"Vulnerabilities.Vulnerabilities_Remediation_Status": De 3 campos a 4 campos.
"Vulnerabilities.Vulnerabilities_Authentication": De 3 campos a 6 campos.
"Vulnerabilities.Vulnerabilities_Access_Complexity": De 3 campos a 4 campos.
"Vulnerabilities.Vulnerabilities_Access_Vector": De 3 campos a 5 campos.
"Question_Library.Question_Library_Content_Source": De 1 campos a 2 campos.
"Question_Library.Question_Library_Grouping": De 193 campos a 118 campos.
"Question_Library.Question_Library_Questionnaire": De 37 campos a 52 campos.
"Question_Library.Question_Library_Category": De 325 campos a 392 campos.
"Incidents.Incidents_Category": De 24 campos a 23 campos.
"Facilities.Facilities_Type": De 8 campos a 11 campos.
"Exception_Requests.Exception_Requests_Source": De 7 campos a 8 campos.
"Device_Assessment.Device_Assessment_1_Progress_Status": De 34 campos a 15 campos.
"Control_Standards.Control_Standards_Classification": De 6 campos a 3 campos.
"Control_Standards.Control_Standards_Grouping": De 92 campos a 57 campos.
"Control_Standards.Control_Standards_Type": De 5 campos a 3 campos.
"Auditable_Entity.Auditable_Entity_Project_Status": De 3 campos a 5 campos.
"Audit_Projects.Audit_Projects_Audit_Rating": De 4 campos a 5 campos.
"Audit_Projects.Audit_Projects_Status": De 5 campos a 6 campos.
"Technologies.Technology_Versions_CPE_Namespace": De 2 campos a 3 campos.
"Authoritative_Sources.Source_Source_Type": De 7 campos a 6 campos.
"Policies.Policy_Domain": De 7 campos a 8 campos.
"Policies.Policy_Content_Source": De 4 campos a 1 campos.
"Cuestionario_controles_de_mitigación.Cuestionario_controles_de_mitigación_Copia_de_Validación_9a_2": De 1 campos a 2 campos.
"Cuestionario_controles_de_mitigación.Cuestionario_controles_de_mitigación_Validado_por_riesgos": De 1 campos a 6 campos.
"Risk_Register.Risk_Register_Area": De 110 campos a 221 campos.
"Risk_Register.Risk_Register_Área_del_Riesgo_1": De 82 campos a 162 campos.
"Risk_Register.Risk_Register_Grupo_del_Riesgo": De 25 campos a 50 campos.
"Malicious_Code.Malicious_Code_Remediation_Status": De 3 campos a 4 campos.
"Malicious_Code.Malicious_Code_Source": De 6 campos a 8 campos.
"Malicious_Code.Malicious_Code_User_Interaction": De 2 campos a 3 campos.
"Malicious_Code.Malicious_Code_Language": De 2 campos a 4 campos.
"Malicious_Code.Malicious_Code_Report_Type": De 1 campos a 4 campos.
"Corporate_Objectives.Corporate_Objectives_Estado": De 4 campos a 7 campos.
"Company.Company_State": De 114 campos a 63 campos.
